<?xml version="1.0" encoding="UTF-8"?>
<!-- Generated by org.testng.reporters.JUnitXMLReporter -->
<testsuite ignored="0" hostname="Air-di-Omar" failures="1" tests="10" name="coursework3_omar.InfoTest" time="0.28" errors="0" timestamp="24 Jan 2021 17:45:13 GMT">
  <testcase classname="coursework3_omar.InfoTest" name="testAddData on testAddData(coursework3_omar.InfoTest)" time="0.083"/>
  <testcase classname="coursework3_omar.InfoTest" name="testDeleteDataById on testDeleteDataById(coursework3_omar.InfoTest)" time="0.035"/>
  <testcase classname="coursework3_omar.InfoTest" name="testGetId on testGetId(coursework3_omar.InfoTest)" time="0.037"/>
  <testcase classname="coursework3_omar.InfoTest" name="testPrintData on testPrintData(coursework3_omar.InfoTest)" time="0.038"/>
  <testcase classname="coursework3_omar.InfoTest" name="testGetDataInfo on testGetDataInfo(coursework3_omar.InfoTest)" time="0.076"/>
  <testcase classname="coursework3_omar.InfoTest" name="testGetData on testGetData(coursework3_omar.InfoTest)" time="0.076"/>
  <testcase classname="coursework3_omar.InfoTest" name="testCheckDataId on testCheckDataId(coursework3_omar.InfoTest)" time="0.078">
    <failure type="java.lang.AssertionError" message="expected:&amp;lt;false&amp;gt; but was:&amp;lt;true&amp;gt;">
      <![CDATA[java.lang.AssertionError: expected:<false> but was:<true>
at org.junit.Assert.fail(Assert.java:88)
at org.junit.Assert.failNotEquals(Assert.java:834)
at org.junit.Assert.assertEquals(Assert.java:118)
at org.junit.Assert.assertEquals(Assert.java:144)
at coursework3_omar.InfoTest.testCheckDataId(InfoTest.java:39)
at org.junit.runners.model.FrameworkMethod$1.runReflectiveCall(FrameworkMethod.java:50)
at org.junit.internal.runners.model.ReflectiveCallable.run(ReflectiveCallable.java:12)
at org.junit.runners.model.FrameworkMethod.invokeExplosively(FrameworkMethod.java:47)
at org.junit.internal.runners.statements.InvokeMethod.evaluate(InvokeMethod.java:17)
at org.junit.runners.ParentRunner.runLeaf(ParentRunner.java:325)
at org.junit.runners.BlockJUnit4ClassRunner.runChild(BlockJUnit4ClassRunner.java:78)
at org.junit.runners.BlockJUnit4ClassRunner.runChild(BlockJUnit4ClassRunner.java:57)
at org.junit.runners.ParentRunner$3.run(ParentRunner.java:290)
at org.junit.runners.ParentRunner$1.schedule(ParentRunner.java:71)
at org.junit.runners.ParentRunner.runChildren(ParentRunner.java:288)
at org.junit.runners.ParentRunner.access$000(ParentRunner.java:58)
at org.junit.runners.ParentRunner$2.evaluate(ParentRunner.java:268)
at org.junit.runners.ParentRunner.run(ParentRunner.java:363)
at org.junit.runner.JUnitCore.run(JUnitCore.java:137)
at org.junit.runner.JUnitCore.run(JUnitCore.java:115)
... Removed 22 stack frames]]>
    </failure>
  </testcase> <!-- testCheckDataId on testCheckDataId(coursework3_omar.InfoTest) -->
  <testcase classname="coursework3_omar.InfoTest" name="testGetDataArray on testGetDataArray(coursework3_omar.InfoTest)" time="0.083"/>
  <testcase classname="coursework3_omar.InfoTest" name="testEditDataById on testEditDataById(coursework3_omar.InfoTest)" time="0.084"/>
  <testcase classname="coursework3_omar.InfoTest" name="testDataIndexInArray on testDataIndexInArray(coursework3_omar.InfoTest)" time="0.084"/>
</testsuite> <!-- coursework3_omar.InfoTest -->
