<?xml version="1.0" encoding="UTF-8"?>
<!-- Generated by org.testng.reporters.JUnitXMLReporter -->
<testsuite ignored="0" hostname="Air-di-Omar" failures="1" tests="1" name="TestNG tests" time="0.059" errors="0" timestamp="19 Jan 2021 18:51:12 GMT">
  <testcase classname="coursework3_omar.PersonNGTest" name="testActionPermission" time="0.016">
    <failure type="java.lang.NoClassDefFoundError" message="org/opentest4j/AssertionFailedError">
      <![CDATA[java.lang.NoClassDefFoundError: org/opentest4j/AssertionFailedError
at org.junit.jupiter.api.AssertEquals.assertEquals(AssertEquals.java:181)
at org.junit.jupiter.api.AssertEquals.assertEquals(AssertEquals.java:177)
at org.junit.jupiter.api.Assertions.assertEquals(Assertions.java:1124)
at coursework3_omar.PersonNGTest.testActionPermission(PersonNGTest.java:33)
Caused by: java.lang.ClassNotFoundException: org.opentest4j.AssertionFailedError
at java.base/jdk.internal.loader.BuiltinClassLoader.loadClass(BuiltinClassLoader.java:581)
at java.base/jdk.internal.loader.ClassLoaders$AppClassLoader.loadClass(ClassLoaders.java:178)
at java.base/java.lang.ClassLoader.loadClass(ClassLoader.java:521)
... 28 more
... Removed 24 stack frames]]>
    </failure>
  </testcase> <!-- testActionPermission -->
</testsuite> <!-- TestNG tests -->
